<?xml version="1.0" encoding="UTF-8"?>
<coverage generated="1537216004">
  <project timestamp="1537216004">
    <package name="DCAT_AP_DONL">
      <file name="D:\Repositories\GitHub\WterBerg\php-dcatapdonl\src/DCATBoolean.php">
        <class name="DCAT_AP_DONL\DCATBoolean" namespace="DCAT_AP_DONL">
          <metrics complexity="3" methods="1" coveredmethods="1" conditionals="0" coveredconditionals="0" statements="7" coveredstatements="7" elements="8" coveredelements="8"/>
        </class>
        <line num="21" type="method" name="validate" visibility="public" complexity="3" crap="3" count="1"/>
        <line num="23" type="stmt" count="1"/>
        <line num="25" type="stmt" count="1"/>
        <line num="26" type="stmt" count="1"/>
        <line num="27" type="stmt" count="1"/>
        <line num="28" type="stmt" count="1"/>
        <line num="29" type="stmt" count="1"/>
        <line num="34" type="stmt" count="1"/>
        <metrics loc="37" ncloc="27" classes="1" methods="1" coveredmethods="1" conditionals="0" coveredconditionals="0" statements="7" coveredstatements="7" elements="8" coveredelements="8"/>
      </file>
      <file name="D:\Repositories\GitHub\WterBerg\php-dcatapdonl\src/DCATChecksum.php">
        <class name="DCAT_AP_DONL\DCATChecksum" namespace="DCAT_AP_DONL" fullPackage="DCAT_AP_DONL" package="DCAT_AP_DONL">
          <metrics complexity="7" methods="5" coveredmethods="5" conditionals="0" coveredconditionals="0" statements="8" coveredstatements="8" elements="13" coveredelements="13"/>
        </class>
        <line num="35" type="method" name="__construct" visibility="public" complexity="1" crap="1" count="5"/>
        <line num="37" type="stmt" count="5"/>
        <line num="38" type="stmt" count="5"/>
        <line num="45" type="method" name="getHash" visibility="public" complexity="2" crap="2" count="1"/>
        <line num="47" type="stmt" count="1"/>
        <line num="55" type="method" name="getAlgorithm" visibility="public" complexity="2" crap="2" count="1"/>
        <line num="57" type="stmt" count="1"/>
        <line num="65" type="method" name="setHash" visibility="public" complexity="1" crap="1" count="4"/>
        <line num="67" type="stmt" count="4"/>
        <line num="68" type="stmt" count="4"/>
        <line num="75" type="method" name="setAlgorithm" visibility="public" complexity="1" crap="1" count="5"/>
        <line num="77" type="stmt" count="5"/>
        <line num="78" type="stmt" count="5"/>
        <metrics loc="80" ncloc="45" classes="1" methods="5" coveredmethods="5" conditionals="0" coveredconditionals="0" statements="8" coveredstatements="8" elements="13" coveredelements="13"/>
      </file>
      <file name="D:\Repositories\GitHub\WterBerg\php-dcatapdonl\src/DCATComplexEntity.php">
        <class name="DCAT_AP_DONL\DCATComplexEntity" namespace="DCAT_AP_DONL" fullPackage="DCAT_AP_DONL" package="DCAT_AP_DONL">
          <metrics complexity="31" methods="4" coveredmethods="4" conditionals="0" coveredconditionals="0" statements="66" coveredstatements="66" elements="70" coveredelements="70"/>
        </class>
        <line num="33" type="method" name="__construct" visibility="public" complexity="2" crap="2" count="51"/>
        <line num="35" type="stmt" count="51"/>
        <line num="37" type="stmt" count="51"/>
        <line num="38" type="stmt" count="51"/>
        <line num="40" type="stmt" count="51"/>
        <line num="41" type="stmt" count="50"/>
        <line num="43" type="stmt" count="51"/>
        <line num="50" type="method" name="getData" visibility="public" complexity="5" crap="5" count="7"/>
        <line num="52" type="stmt" count="7"/>
        <line num="54" type="stmt" count="7"/>
        <line num="55" type="stmt" count="7"/>
        <line num="57" type="stmt" count="7"/>
        <line num="58" type="stmt" count="3"/>
        <line num="61" type="stmt" count="7"/>
        <line num="62" type="stmt" count="1"/>
        <line num="64" type="stmt" count="1"/>
        <line num="67" type="stmt" count="1"/>
        <line num="71" type="stmt" count="6"/>
        <line num="74" type="stmt" count="7"/>
        <line num="87" type="method" name="validate" visibility="public" complexity="14" crap="14" count="31"/>
        <line num="89" type="stmt" count="31"/>
        <line num="90" type="stmt" count="31"/>
        <line num="92" type="stmt" count="31"/>
        <line num="93" type="stmt" count="31"/>
        <line num="95" type="stmt" count="31"/>
        <line num="96" type="stmt" count="28"/>
        <line num="99" type="stmt" count="31"/>
        <line num="100" type="stmt" count="11"/>
        <line num="101" type="stmt" count="4"/>
        <line num="102" type="stmt" count="4"/>
        <line num="106" type="stmt" count="11"/>
        <line num="109" type="stmt" count="28"/>
        <line num="110" type="stmt" count="4"/>
        <line num="111" type="stmt" count="3"/>
        <line num="112" type="stmt" count="3"/>
        <line num="115" type="stmt" count="3"/>
        <line num="118" type="stmt" count="3"/>
        <line num="120" type="stmt" count="1"/>
        <line num="122" type="stmt" count="1"/>
        <line num="123" type="stmt" count="1"/>
        <line num="124" type="stmt" count="1"/>
        <line num="129" type="stmt" count="3"/>
        <line num="133" type="stmt" count="24"/>
        <line num="134" type="stmt" count="24"/>
        <line num="135" type="stmt" count="4"/>
        <line num="139" type="stmt" count="31"/>
        <line num="140" type="stmt" count="3"/>
        <line num="141" type="stmt" count="3"/>
        <line num="145" type="stmt" count="31"/>
        <line num="154" type="method" name="stripInvalidOptionalProperties" visibility="public" complexity="10" crap="10" count="6"/>
        <line num="156" type="stmt" count="6"/>
        <line num="158" type="stmt" count="6"/>
        <line num="159" type="stmt" count="6"/>
        <line num="160" type="stmt" count="1"/>
        <line num="163" type="stmt" count="5"/>
        <line num="164" type="stmt" count="1"/>
        <line num="167" type="stmt" count="4"/>
        <line num="168" type="stmt" count="1"/>
        <line num="171" type="stmt" count="3"/>
        <line num="172" type="stmt" count="1"/>
        <line num="173" type="stmt" count="1"/>
        <line num="174" type="stmt" count="1"/>
        <line num="177" type="stmt" count="1"/>
        <line num="178" type="stmt" count="1"/>
        <line num="181" type="stmt" count="1"/>
        <line num="184" type="stmt" count="2"/>
        <line num="185" type="stmt" count="1"/>
        <line num="188" type="stmt" count="1"/>
        <line num="189" type="stmt" count="1"/>
        <line num="192" type="stmt" count="5"/>
        <metrics loc="195" ncloc="149" classes="1" methods="4" coveredmethods="4" conditionals="0" coveredconditionals="0" statements="66" coveredstatements="66" elements="70" coveredelements="70"/>
      </file>
      <file name="D:\Repositories\GitHub\WterBerg\php-dcatapdonl\src/DCATContactPoint.php">
        <class name="DCAT_AP_DONL\DCATContactPoint" namespace="DCAT_AP_DONL" fullPackage="DCAT_AP_DONL" package="DCAT_AP_DONL">
          <metrics complexity="23" methods="14" coveredmethods="14" conditionals="0" coveredconditionals="0" statements="25" coveredstatements="25" elements="39" coveredelements="39"/>
        </class>
        <line num="48" type="method" name="__construct" visibility="public" complexity="1" crap="1" count="7"/>
        <line num="50" type="stmt" count="7"/>
        <line num="51" type="stmt" count="7"/>
        <line num="64" type="method" name="validate" visibility="public" complexity="4" crap="4" count="5"/>
        <line num="66" type="stmt" count="5"/>
        <line num="68" type="stmt" count="5"/>
        <line num="69" type="stmt" count="2"/>
        <line num="70" type="stmt" count="2"/>
        <line num="74" type="stmt" count="5"/>
        <line num="82" type="method" name="getFullName" visibility="public" complexity="2" crap="2" count="1"/>
        <line num="84" type="stmt" count="1"/>
        <line num="92" type="method" name="getAddress" visibility="public" complexity="2" crap="2" count="1"/>
        <line num="94" type="stmt" count="1"/>
        <line num="102" type="method" name="getTitle" visibility="public" complexity="2" crap="2" count="1"/>
        <line num="104" type="stmt" count="1"/>
        <line num="112" type="method" name="getEmail" visibility="public" complexity="2" crap="2" count="1"/>
        <line num="114" type="stmt" count="1"/>
        <line num="122" type="method" name="getWebpage" visibility="public" complexity="2" crap="2" count="1"/>
        <line num="124" type="stmt" count="1"/>
        <line num="132" type="method" name="getPhone" visibility="public" complexity="2" crap="2" count="1"/>
        <line num="134" type="stmt" count="1"/>
        <line num="142" type="method" name="setFullName" visibility="public" complexity="1" crap="1" count="6"/>
        <line num="144" type="stmt" count="6"/>
        <line num="145" type="stmt" count="6"/>
        <line num="152" type="method" name="setAddress" visibility="public" complexity="1" crap="1" count="1"/>
        <line num="154" type="stmt" count="1"/>
        <line num="155" type="stmt" count="1"/>
        <line num="162" type="method" name="setTitle" visibility="public" complexity="1" crap="1" count="1"/>
        <line num="164" type="stmt" count="1"/>
        <line num="165" type="stmt" count="1"/>
        <line num="172" type="method" name="setEmail" visibility="public" complexity="1" crap="1" count="2"/>
        <line num="174" type="stmt" count="2"/>
        <line num="175" type="stmt" count="2"/>
        <line num="182" type="method" name="setWebpage" visibility="public" complexity="1" crap="1" count="2"/>
        <line num="184" type="stmt" count="2"/>
        <line num="185" type="stmt" count="2"/>
        <line num="192" type="method" name="setPhone" visibility="public" complexity="1" crap="1" count="2"/>
        <line num="194" type="stmt" count="2"/>
        <line num="195" type="stmt" count="2"/>
        <metrics loc="197" ncloc="106" classes="1" methods="14" coveredmethods="14" conditionals="0" coveredconditionals="0" statements="25" coveredstatements="25" elements="39" coveredelements="39"/>
      </file>
      <file name="D:\Repositories\GitHub\WterBerg\php-dcatapdonl\src/DCATControlledVocabulary.php">
        <class name="DCAT_AP_DONL\DCATControlledVocabulary" namespace="DCAT_AP_DONL" fullPackage="DCAT_AP_DONL" package="DCAT_AP_DONL">
          <metrics complexity="19" methods="10" coveredmethods="10" conditionals="0" coveredconditionals="0" statements="48" coveredstatements="48" elements="58" coveredelements="58"/>
        </class>
        <line num="53" type="method" name="getVocabulary" visibility="public" complexity="3" crap="3" count="24"/>
        <line num="55" type="stmt" count="24"/>
        <line num="56" type="stmt" count="2"/>
        <line num="57" type="stmt" count="1"/>
        <line num="60" type="stmt" count="1"/>
        <line num="61" type="stmt" count="1"/>
        <line num="63" type="stmt" count="1"/>
        <line num="64" type="stmt" count="1"/>
        <line num="67" type="stmt" count="23"/>
        <line num="78" type="method" name="addCustomVocabulary" visibility="public" complexity="2" crap="2" count="6"/>
        <line num="80" type="stmt" count="6"/>
        <line num="81" type="stmt" count="1"/>
        <line num="84" type="stmt" count="6"/>
        <line num="85" type="stmt" count="6"/>
        <line num="86" type="stmt" count="6"/>
        <line num="88" type="stmt" count="6"/>
        <line num="89" type="stmt" count="6"/>
        <line num="99" type="method" name="addCustomExternalVocabulary" visibility="public" complexity="2" crap="2" count="3"/>
        <line num="101" type="stmt" count="3"/>
        <line num="102" type="stmt" count="1"/>
        <line num="105" type="stmt" count="2"/>
        <line num="106" type="stmt" count="2"/>
        <line num="108" type="stmt" count="1"/>
        <line num="109" type="stmt" count="1"/>
        <line num="126" type="method" name="__construct" visibility="protected" complexity="1" crap="1" count="9"/>
        <line num="128" type="stmt" count="9"/>
        <line num="129" type="stmt" count="9"/>
        <line num="130" type="stmt" count="9"/>
        <line num="138" type="method" name="loadEntries" visibility="protected" complexity="5" crap="5" count="3"/>
        <line num="140" type="stmt" count="3"/>
        <line num="142" type="stmt" count="3"/>
        <line num="143" type="stmt" count="3"/>
        <line num="144" type="stmt" count="3"/>
        <line num="146" type="stmt" count="3"/>
        <line num="147" type="stmt" count="3"/>
        <line num="149" type="stmt" count="3"/>
        <line num="150" type="stmt" count="1"/>
        <line num="151" type="stmt" count="1"/>
        <line num="152" type="stmt" count="1"/>
        <line num="157" type="stmt" count="2"/>
        <line num="159" type="stmt" count="2"/>
        <line num="160" type="stmt" count="1"/>
        <line num="161" type="stmt" count="1"/>
        <line num="164" type="stmt" count="2"/>
        <line num="167" type="stmt" count="2"/>
        <line num="168" type="stmt" count="2"/>
        <line num="175" type="method" name="setEntries" visibility="protected" complexity="1" crap="1" count="6"/>
        <line num="177" type="stmt" count="6"/>
        <line num="178" type="stmt" count="6"/>
        <line num="185" type="method" name="getName" visibility="public" complexity="1" crap="1" count="4"/>
        <line num="187" type="stmt" count="4"/>
        <line num="195" type="method" name="getSource" visibility="public" complexity="2" crap="2" count="4"/>
        <line num="197" type="stmt" count="4"/>
        <line num="206" type="method" name="containsEntry" visibility="public" complexity="1" crap="1" count="18"/>
        <line num="208" type="stmt" count="18"/>
        <line num="216" type="method" name="setSource" visibility="protected" complexity="1" crap="1" count="6"/>
        <line num="218" type="stmt" count="6"/>
        <line num="219" type="stmt" count="6"/>
        <metrics loc="221" ncloc="141" classes="1" methods="10" coveredmethods="10" conditionals="0" coveredconditionals="0" statements="48" coveredstatements="48" elements="58" coveredelements="58"/>
      </file>
      <file name="D:\Repositories\GitHub\WterBerg\php-dcatapdonl\src/DCATControlledVocabularyEntry.php">
        <class name="DCAT_AP_DONL\DCATControlledVocabularyEntry" namespace="DCAT_AP_DONL" fullPackage="DCAT_AP_DONL" package="DCAT_AP_DONL">
          <metrics complexity="4" methods="3" coveredmethods="3" conditionals="0" coveredconditionals="0" statements="12" coveredstatements="12" elements="15" coveredelements="15"/>
        </class>
        <line num="26" type="method" name="__construct" visibility="public" complexity="1" crap="1" count="22"/>
        <line num="28" type="stmt" count="22"/>
        <line num="29" type="stmt" count="22"/>
        <line num="30" type="stmt" count="22"/>
        <line num="46" type="method" name="validate" visibility="public" complexity="2" crap="2" count="15"/>
        <line num="48" type="stmt" count="15"/>
        <line num="49" type="stmt" count="15"/>
        <line num="51" type="stmt" count="15"/>
        <line num="52" type="stmt" count="2"/>
        <line num="53" type="stmt" count="2"/>
        <line num="54" type="stmt" count="2"/>
        <line num="55" type="stmt" count="2"/>
        <line num="60" type="stmt" count="15"/>
        <line num="68" type="method" name="getControlledVocabulary" visibility="public" complexity="1" crap="1" count="8"/>
        <line num="70" type="stmt" count="8"/>
        <metrics loc="73" ncloc="38" classes="1" methods="3" coveredmethods="3" conditionals="0" coveredconditionals="0" statements="12" coveredstatements="12" elements="15" coveredelements="15"/>
      </file>
      <file name="D:\Repositories\GitHub\WterBerg\php-dcatapdonl\src/DCATDataset.php">
        <class name="DCAT_AP_DONL\DCATDataset" namespace="DCAT_AP_DONL" fullPackage="DCAT_AP_DONL" package="DCAT_AP_DONL">
          <metrics complexity="85" methods="72" coveredmethods="15" conditionals="0" coveredconditionals="0" statements="140" coveredstatements="38" elements="212" coveredelements="53"/>
        </class>
        <line num="146" type="method" name="__construct" visibility="public" complexity="2" crap="2" count="6"/>
        <line num="148" type="stmt" count="6"/>
        <line num="151" type="stmt" count="6"/>
        <line num="155" type="stmt" count="6"/>
        <line num="156" type="stmt" count="6"/>
        <line num="158" type="stmt" count="6"/>
        <line num="165" type="method" name="getIdentifier" visibility="public" complexity="2" crap="6.00" count="0"/>
        <line num="167" type="stmt" count="0"/>
        <line num="175" type="method" name="getTitle" visibility="public" complexity="1" crap="2.00" count="0"/>
        <line num="177" type="stmt" count="0"/>
        <line num="185" type="method" name="getDescription" visibility="public" complexity="1" crap="1" count="1"/>
        <line num="187" type="stmt" count="1"/>
        <line num="195" type="method" name="getKeyword" visibility="public" complexity="1" crap="2.00" count="0"/>
        <line num="197" type="stmt" count="0"/>
        <line num="205" type="method" name="getLicense" visibility="public" complexity="1" crap="2.00" count="0"/>
        <line num="207" type="stmt" count="0"/>
        <line num="215" type="method" name="getMetadataLanguage" visibility="public" complexity="1" crap="2.00" count="0"/>
        <line num="217" type="stmt" count="0"/>
        <line num="225" type="method" name="getLanguage" visibility="public" complexity="1" crap="2.00" count="0"/>
        <line num="227" type="stmt" count="0"/>
        <line num="235" type="method" name="getTheme" visibility="public" complexity="1" crap="2.00" count="0"/>
        <line num="237" type="stmt" count="0"/>
        <line num="245" type="method" name="getModificationDate" visibility="public" complexity="1" crap="2.00" count="0"/>
        <line num="247" type="stmt" count="0"/>
        <line num="255" type="method" name="getAuthority" visibility="public" complexity="1" crap="1" count="1"/>
        <line num="257" type="stmt" count="1"/>
        <line num="265" type="method" name="getPublisher" visibility="public" complexity="1" crap="2.00" count="0"/>
        <line num="267" type="stmt" count="0"/>
        <line num="275" type="method" name="getContactPoint" visibility="public" complexity="1" crap="1" count="1"/>
        <line num="277" type="stmt" count="1"/>
        <line num="285" type="method" name="getAccessRights" visibility="public" complexity="1" crap="1" count="1"/>
        <line num="287" type="stmt" count="1"/>
        <line num="295" type="method" name="getDatasetStatus" visibility="public" complexity="1" crap="1" count="1"/>
        <line num="297" type="stmt" count="1"/>
        <line num="305" type="method" name="getLandingPage" visibility="public" complexity="1" crap="2.00" count="0"/>
        <line num="307" type="stmt" count="0"/>
        <line num="315" type="method" name="getSpatial" visibility="public" complexity="1" crap="2.00" count="0"/>
        <line num="317" type="stmt" count="0"/>
        <line num="325" type="method" name="getTemporal" visibility="public" complexity="1" crap="2.00" count="0"/>
        <line num="327" type="stmt" count="0"/>
        <line num="335" type="method" name="getConformsTo" visibility="public" complexity="1" crap="2.00" count="0"/>
        <line num="337" type="stmt" count="0"/>
        <line num="345" type="method" name="getAlternativeIdentifier" visibility="public" complexity="1" crap="2.00" count="0"/>
        <line num="347" type="stmt" count="0"/>
        <line num="355" type="method" name="getRelatedResource" visibility="public" complexity="1" crap="2.00" count="0"/>
        <line num="357" type="stmt" count="0"/>
        <line num="365" type="method" name="getSource" visibility="public" complexity="1" crap="2.00" count="0"/>
        <line num="367" type="stmt" count="0"/>
        <line num="375" type="method" name="getHasVersion" visibility="public" complexity="1" crap="2.00" count="0"/>
        <line num="377" type="stmt" count="0"/>
        <line num="385" type="method" name="getIsVersionOf" visibility="public" complexity="1" crap="2.00" count="0"/>
        <line num="387" type="stmt" count="0"/>
        <line num="395" type="method" name="getReleaseDate" visibility="public" complexity="1" crap="2.00" count="0"/>
        <line num="397" type="stmt" count="0"/>
        <line num="405" type="method" name="getVersion" visibility="public" complexity="1" crap="2.00" count="0"/>
        <line num="407" type="stmt" count="0"/>
        <line num="415" type="method" name="getVersionNotes" visibility="public" complexity="1" crap="2.00" count="0"/>
        <line num="417" type="stmt" count="0"/>
        <line num="425" type="method" name="getLegalFoundation" visibility="public" complexity="1" crap="2.00" count="0"/>
        <line num="427" type="stmt" count="0"/>
        <line num="435" type="method" name="getDatePlanned" visibility="public" complexity="1" crap="1" count="1"/>
        <line num="437" type="stmt" count="1"/>
        <line num="445" type="method" name="getDocumentation" visibility="public" complexity="1" crap="2.00" count="0"/>
        <line num="447" type="stmt" count="0"/>
        <line num="455" type="method" name="getFrequency" visibility="public" complexity="1" crap="1" count="1"/>
        <line num="457" type="stmt" count="1"/>
        <line num="465" type="method" name="getProvenance" visibility="public" complexity="1" crap="2.00" count="0"/>
        <line num="467" type="stmt" count="0"/>
        <line num="475" type="method" name="getSample" visibility="public" complexity="1" crap="2.00" count="0"/>
        <line num="477" type="stmt" count="0"/>
        <line num="485" type="method" name="getSourceCatalog" visibility="public" complexity="1" crap="2.00" count="0"/>
        <line num="487" type="stmt" count="0"/>
        <line num="495" type="method" name="getHighValue" visibility="public" complexity="1" crap="2.00" count="0"/>
        <line num="497" type="stmt" count="0"/>
        <line num="505" type="method" name="getBasisRegister" visibility="public" complexity="1" crap="2.00" count="0"/>
        <line num="507" type="stmt" count="0"/>
        <line num="515" type="method" name="getReferentieData" visibility="public" complexity="2" crap="6.00" count="0"/>
        <line num="517" type="stmt" count="0"/>
        <line num="525" type="method" name="getDistributions" visibility="public" complexity="1" crap="2.00" count="0"/>
        <line num="527" type="stmt" count="0"/>
        <line num="535" type="method" name="setIdentifier" visibility="public" complexity="1" crap="2.00" count="0"/>
        <line num="537" type="stmt" count="0"/>
        <line num="538" type="stmt" count="0"/>
        <line num="545" type="method" name="setTitle" visibility="public" complexity="1" crap="2.00" count="0"/>
        <line num="547" type="stmt" count="0"/>
        <line num="548" type="stmt" count="0"/>
        <line num="555" type="method" name="setDescription" visibility="public" complexity="1" crap="1" count="1"/>
        <line num="557" type="stmt" count="1"/>
        <line num="558" type="stmt" count="1"/>
        <line num="565" type="method" name="addKeyword" visibility="public" complexity="1" crap="2.00" count="0"/>
        <line num="567" type="stmt" count="0"/>
        <line num="568" type="stmt" count="0"/>
        <line num="577" type="method" name="setLicense" visibility="public" complexity="2" crap="6.00" count="0"/>
        <line num="579" type="stmt" count="0"/>
        <line num="580" type="stmt" count="0"/>
        <line num="581" type="stmt" count="0"/>
        <line num="585" type="stmt" count="0"/>
        <line num="586" type="stmt" count="0"/>
        <line num="595" type="method" name="setMetadataLanguage" visibility="public" complexity="2" crap="6.00" count="0"/>
        <line num="597" type="stmt" count="0"/>
        <line num="598" type="stmt" count="0"/>
        <line num="599" type="stmt" count="0"/>
        <line num="603" type="stmt" count="0"/>
        <line num="604" type="stmt" count="0"/>
        <line num="613" type="method" name="addLanguage" visibility="public" complexity="2" crap="6.00" count="0"/>
        <line num="615" type="stmt" count="0"/>
        <line num="616" type="stmt" count="0"/>
        <line num="617" type="stmt" count="0"/>
        <line num="621" type="stmt" count="0"/>
        <line num="622" type="stmt" count="0"/>
        <line num="631" type="method" name="addTheme" visibility="public" complexity="2" crap="6.00" count="0"/>
        <line num="633" type="stmt" count="0"/>
        <line num="634" type="stmt" count="0"/>
        <line num="635" type="stmt" count="0"/>
        <line num="639" type="stmt" count="0"/>
        <line num="640" type="stmt" count="0"/>
        <line num="647" type="method" name="setModificationDate" visibility="public" complexity="1" crap="2.00" count="0"/>
        <line num="649" type="stmt" count="0"/>
        <line num="650" type="stmt" count="0"/>
        <line num="659" type="method" name="setAuthority" visibility="public" complexity="2" crap="2" count="2"/>
        <line num="661" type="stmt" count="2"/>
        <line num="662" type="stmt" count="1"/>
        <line num="663" type="stmt" count="1"/>
        <line num="667" type="stmt" count="1"/>
        <line num="668" type="stmt" count="1"/>
        <line num="677" type="method" name="setPublisher" visibility="public" complexity="2" crap="6.00" count="0"/>
        <line num="679" type="stmt" count="0"/>
        <line num="680" type="stmt" count="0"/>
        <line num="681" type="stmt" count="0"/>
        <line num="685" type="stmt" count="0"/>
        <line num="686" type="stmt" count="0"/>
        <line num="693" type="method" name="setContactPoint" visibility="public" complexity="1" crap="1" count="1"/>
        <line num="695" type="stmt" count="1"/>
        <line num="696" type="stmt" count="1"/>
        <line num="705" type="method" name="setAccessRights" visibility="public" complexity="2" crap="2" count="2"/>
        <line num="707" type="stmt" count="2"/>
        <line num="708" type="stmt" count="1"/>
        <line num="709" type="stmt" count="1"/>
        <line num="713" type="stmt" count="1"/>
        <line num="714" type="stmt" count="1"/>
        <line num="723" type="method" name="setDatasetStatus" visibility="public" complexity="2" crap="2" count="2"/>
        <line num="725" type="stmt" count="2"/>
        <line num="726" type="stmt" count="1"/>
        <line num="727" type="stmt" count="1"/>
        <line num="731" type="stmt" count="1"/>
        <line num="732" type="stmt" count="1"/>
        <line num="739" type="method" name="setLandingPage" visibility="public" complexity="1" crap="2.00" count="0"/>
        <line num="741" type="stmt" count="0"/>
        <line num="742" type="stmt" count="0"/>
        <line num="749" type="method" name="addSpatial" visibility="public" complexity="1" crap="2.00" count="0"/>
        <line num="751" type="stmt" count="0"/>
        <line num="752" type="stmt" count="0"/>
        <line num="759" type="method" name="setTemporal" visibility="public" complexity="1" crap="2.00" count="0"/>
        <line num="761" type="stmt" count="0"/>
        <line num="762" type="stmt" count="0"/>
        <line num="769" type="method" name="addConformsTo" visibility="public" complexity="1" crap="2.00" count="0"/>
        <line num="771" type="stmt" count="0"/>
        <line num="772" type="stmt" count="0"/>
        <line num="779" type="method" name="addAlternativeIdentifier" visibility="public" complexity="1" crap="2.00" count="0"/>
        <line num="781" type="stmt" count="0"/>
        <line num="782" type="stmt" count="0"/>
        <line num="789" type="method" name="addRelatedResource" visibility="public" complexity="1" crap="2.00" count="0"/>
        <line num="791" type="stmt" count="0"/>
        <line num="792" type="stmt" count="0"/>
        <line num="799" type="method" name="addSource" visibility="public" complexity="1" crap="2.00" count="0"/>
        <line num="801" type="stmt" count="0"/>
        <line num="802" type="stmt" count="0"/>
        <line num="809" type="method" name="addHasVersion" visibility="public" complexity="1" crap="2.00" count="0"/>
        <line num="811" type="stmt" count="0"/>
        <line num="812" type="stmt" count="0"/>
        <line num="819" type="method" name="addIsVersionOf" visibility="public" complexity="1" crap="2.00" count="0"/>
        <line num="821" type="stmt" count="0"/>
        <line num="822" type="stmt" count="0"/>
        <line num="829" type="method" name="setReleaseDate" visibility="public" complexity="1" crap="2.00" count="0"/>
        <line num="831" type="stmt" count="0"/>
        <line num="832" type="stmt" count="0"/>
        <line num="839" type="method" name="setVersion" visibility="public" complexity="1" crap="2.00" count="0"/>
        <line num="841" type="stmt" count="0"/>
        <line num="842" type="stmt" count="0"/>
        <line num="849" type="method" name="addVersionNotes" visibility="public" complexity="1" crap="2.00" count="0"/>
        <line num="851" type="stmt" count="0"/>
        <line num="852" type="stmt" count="0"/>
        <line num="859" type="method" name="setLegalFoundation" visibility="public" complexity="1" crap="2.00" count="0"/>
        <line num="861" type="stmt" count="0"/>
        <line num="862" type="stmt" count="0"/>
        <line num="869" type="method" name="setDatePlanned" visibility="public" complexity="1" crap="1" count="1"/>
        <line num="871" type="stmt" count="1"/>
        <line num="872" type="stmt" count="1"/>
        <line num="879" type="method" name="addDocumentation" visibility="public" complexity="1" crap="2.00" count="0"/>
        <line num="881" type="stmt" count="0"/>
        <line num="882" type="stmt" count="0"/>
        <line num="891" type="method" name="setFrequency" visibility="public" complexity="2" crap="2" count="2"/>
        <line num="893" type="stmt" count="2"/>
        <line num="894" type="stmt" count="1"/>
        <line num="895" type="stmt" count="1"/>
        <line num="899" type="stmt" count="1"/>
        <line num="900" type="stmt" count="1"/>
        <line num="907" type="method" name="addProvenance" visibility="public" complexity="1" crap="2.00" count="0"/>
        <line num="909" type="stmt" count="0"/>
        <line num="910" type="stmt" count="0"/>
        <line num="917" type="method" name="addSample" visibility="public" complexity="1" crap="2.00" count="0"/>
        <line num="919" type="stmt" count="0"/>
        <line num="920" type="stmt" count="0"/>
        <line num="929" type="method" name="setSourceCatalog" visibility="public" complexity="2" crap="6.00" count="0"/>
        <line num="931" type="stmt" count="0"/>
        <line num="932" type="stmt" count="0"/>
        <line num="933" type="stmt" count="0"/>
        <line num="937" type="stmt" count="0"/>
        <line num="938" type="stmt" count="0"/>
        <line num="945" type="method" name="addDistribution" visibility="public" complexity="1" crap="2.00" count="0"/>
        <line num="947" type="stmt" count="0"/>
        <line num="948" type="stmt" count="0"/>
        <metrics loc="950" ncloc="526" classes="1" methods="72" coveredmethods="15" conditionals="0" coveredconditionals="0" statements="140" coveredstatements="38" elements="212" coveredelements="53"/>
      </file>
      <file name="D:\Repositories\GitHub\WterBerg\php-dcatapdonl\src/DCATDateTime.php">
        <class name="DCAT_AP_DONL\DCATDateTime" namespace="DCAT_AP_DONL" fullPackage="DCAT_AP_DONL" package="DCAT_AP_DONL">
          <metrics complexity="5" methods="4" coveredmethods="4" conditionals="0" coveredconditionals="0" statements="12" coveredstatements="12" elements="16" coveredelements="16"/>
        </class>
        <line num="27" type="method" name="__construct" visibility="public" complexity="1" crap="1" count="7"/>
        <line num="29" type="stmt" count="7"/>
        <line num="30" type="stmt" count="7"/>
        <line num="31" type="stmt" count="7"/>
        <line num="43" type="method" name="validate" visibility="public" complexity="2" crap="2" count="3"/>
        <line num="45" type="stmt" count="3"/>
        <line num="47" type="stmt" count="3"/>
        <line num="48" type="stmt" count="1"/>
        <line num="49" type="stmt" count="1"/>
        <line num="50" type="stmt" count="1"/>
        <line num="51" type="stmt" count="1"/>
        <line num="56" type="stmt" count="3"/>
        <line num="64" type="method" name="getFormat" visibility="public" complexity="1" crap="1" count="3"/>
        <line num="66" type="stmt" count="3"/>
        <line num="74" type="method" name="isDateTime" visibility="protected" complexity="1" crap="1" count="3"/>
        <line num="76" type="stmt" count="3"/>
        <metrics loc="79" ncloc="44" classes="1" methods="4" coveredmethods="4" conditionals="0" coveredconditionals="0" statements="12" coveredstatements="12" elements="16" coveredelements="16"/>
      </file>
      <file name="D:\Repositories\GitHub\WterBerg\php-dcatapdonl\src/DCATDistribution.php">
        <class name="DCAT_AP_DONL\DCATDistribution" namespace="DCAT_AP_DONL" fullPackage="DCAT_AP_DONL" package="DCAT_AP_DONL">
          <metrics complexity="60" methods="38" coveredmethods="1" conditionals="0" coveredconditionals="0" statements="81" coveredstatements="5" elements="119" coveredelements="6"/>
        </class>
        <line num="83" type="method" name="__construct" visibility="public" complexity="2" crap="2" count="1"/>
        <line num="85" type="stmt" count="1"/>
        <line num="87" type="stmt" count="1"/>
        <line num="89" type="stmt" count="1"/>
        <line num="90" type="stmt" count="1"/>
        <line num="92" type="stmt" count="1"/>
        <line num="100" type="method" name="equalTo" visibility="public" complexity="1" crap="2.00" count="0"/>
        <line num="102" type="stmt" count="0"/>
        <line num="108" type="method" name="serialize" visibility="public" complexity="2" crap="6.00" count="0"/>
        <line num="110" type="stmt" count="0"/>
        <line num="112" type="stmt" count="0"/>
        <line num="113" type="stmt" count="0"/>
        <line num="116" type="stmt" count="0"/>
        <line num="125" type="method" name="unserialize" visibility="public" complexity="1" crap="2.00" count="0"/>
        <line num="127" type="stmt" count="0"/>
        <line num="128" type="stmt" count="0"/>
        <line num="137" type="method" name="getAccessURL" visibility="public" complexity="2" crap="6.00" count="0"/>
        <line num="139" type="stmt" count="0"/>
        <line num="147" type="method" name="getLicense" visibility="public" complexity="2" crap="6.00" count="0"/>
        <line num="149" type="stmt" count="0"/>
        <line num="157" type="method" name="getTitle" visibility="public" complexity="2" crap="6.00" count="0"/>
        <line num="159" type="stmt" count="0"/>
        <line num="167" type="method" name="getDescription" visibility="public" complexity="2" crap="6.00" count="0"/>
        <line num="169" type="stmt" count="0"/>
        <line num="177" type="method" name="getLanguages" visibility="public" complexity="1" crap="2.00" count="0"/>
        <line num="179" type="stmt" count="0"/>
        <line num="187" type="method" name="getMetadataLanguage" visibility="public" complexity="2" crap="6.00" count="0"/>
        <line num="189" type="stmt" count="0"/>
        <line num="197" type="method" name="getFormat" visibility="public" complexity="2" crap="6.00" count="0"/>
        <line num="199" type="stmt" count="0"/>
        <line num="207" type="method" name="getRights" visibility="public" complexity="2" crap="6.00" count="0"/>
        <line num="209" type="stmt" count="0"/>
        <line num="217" type="method" name="getStatus" visibility="public" complexity="2" crap="6.00" count="0"/>
        <line num="219" type="stmt" count="0"/>
        <line num="227" type="method" name="getReleaseDate" visibility="public" complexity="2" crap="6.00" count="0"/>
        <line num="229" type="stmt" count="0"/>
        <line num="237" type="method" name="getModificationDate" visibility="public" complexity="2" crap="6.00" count="0"/>
        <line num="239" type="stmt" count="0"/>
        <line num="247" type="method" name="getByteSize" visibility="public" complexity="2" crap="6.00" count="0"/>
        <line num="249" type="stmt" count="0"/>
        <line num="257" type="method" name="getDownloadURLs" visibility="public" complexity="1" crap="2.00" count="0"/>
        <line num="259" type="stmt" count="0"/>
        <line num="267" type="method" name="getMediaType" visibility="public" complexity="3" crap="12.00" count="0"/>
        <line num="269" type="stmt" count="0"/>
        <line num="277" type="method" name="getLinkedSchemas" visibility="public" complexity="1" crap="2.00" count="0"/>
        <line num="279" type="stmt" count="0"/>
        <line num="287" type="method" name="getChecksum" visibility="public" complexity="2" crap="6.00" count="0"/>
        <line num="289" type="stmt" count="0"/>
        <line num="297" type="method" name="getDocumentations" visibility="public" complexity="1" crap="2.00" count="0"/>
        <line num="299" type="stmt" count="0"/>
        <line num="307" type="method" name="setAccessURL" visibility="public" complexity="1" crap="2.00" count="0"/>
        <line num="309" type="stmt" count="0"/>
        <line num="310" type="stmt" count="0"/>
        <line num="319" type="method" name="setLicense" visibility="public" complexity="2" crap="6.00" count="0"/>
        <line num="321" type="stmt" count="0"/>
        <line num="322" type="stmt" count="0"/>
        <line num="323" type="stmt" count="0"/>
        <line num="327" type="stmt" count="0"/>
        <line num="328" type="stmt" count="0"/>
        <line num="335" type="method" name="setTitle" visibility="public" complexity="1" crap="2.00" count="0"/>
        <line num="337" type="stmt" count="0"/>
        <line num="338" type="stmt" count="0"/>
        <line num="345" type="method" name="setDescription" visibility="public" complexity="1" crap="2.00" count="0"/>
        <line num="347" type="stmt" count="0"/>
        <line num="348" type="stmt" count="0"/>
        <line num="357" type="method" name="addLanguage" visibility="public" complexity="2" crap="6.00" count="0"/>
        <line num="359" type="stmt" count="0"/>
        <line num="360" type="stmt" count="0"/>
        <line num="361" type="stmt" count="0"/>
        <line num="365" type="stmt" count="0"/>
        <line num="366" type="stmt" count="0"/>
        <line num="375" type="method" name="setMetadataLanguage" visibility="public" complexity="2" crap="6.00" count="0"/>
        <line num="377" type="stmt" count="0"/>
        <line num="378" type="stmt" count="0"/>
        <line num="379" type="stmt" count="0"/>
        <line num="383" type="stmt" count="0"/>
        <line num="384" type="stmt" count="0"/>
        <line num="393" type="method" name="setFormat" visibility="public" complexity="2" crap="6.00" count="0"/>
        <line num="395" type="stmt" count="0"/>
        <line num="396" type="stmt" count="0"/>
        <line num="397" type="stmt" count="0"/>
        <line num="401" type="stmt" count="0"/>
        <line num="402" type="stmt" count="0"/>
        <line num="409" type="method" name="setRights" visibility="public" complexity="1" crap="2.00" count="0"/>
        <line num="411" type="stmt" count="0"/>
        <line num="412" type="stmt" count="0"/>
        <line num="421" type="method" name="setStatus" visibility="public" complexity="2" crap="6.00" count="0"/>
        <line num="423" type="stmt" count="0"/>
        <line num="424" type="stmt" count="0"/>
        <line num="425" type="stmt" count="0"/>
        <line num="429" type="stmt" count="0"/>
        <line num="430" type="stmt" count="0"/>
        <line num="437" type="method" name="setReleaseDate" visibility="public" complexity="1" crap="2.00" count="0"/>
        <line num="439" type="stmt" count="0"/>
        <line num="440" type="stmt" count="0"/>
        <line num="447" type="method" name="setModificationDate" visibility="public" complexity="1" crap="2.00" count="0"/>
        <line num="449" type="stmt" count="0"/>
        <line num="450" type="stmt" count="0"/>
        <line num="457" type="method" name="setByteSize" visibility="public" complexity="1" crap="2.00" count="0"/>
        <line num="459" type="stmt" count="0"/>
        <line num="460" type="stmt" count="0"/>
        <line num="467" type="method" name="addDownloadURL" visibility="public" complexity="1" crap="2.00" count="0"/>
        <line num="469" type="stmt" count="0"/>
        <line num="470" type="stmt" count="0"/>
        <line num="479" type="method" name="setMediaType" visibility="public" complexity="2" crap="6.00" count="0"/>
        <line num="481" type="stmt" count="0"/>
        <line num="482" type="stmt" count="0"/>
        <line num="483" type="stmt" count="0"/>
        <line num="487" type="stmt" count="0"/>
        <line num="488" type="stmt" count="0"/>
        <line num="495" type="method" name="addLinkedSchema" visibility="public" complexity="1" crap="2.00" count="0"/>
        <line num="497" type="stmt" count="0"/>
        <line num="498" type="stmt" count="0"/>
        <line num="505" type="method" name="setChecksum" visibility="public" complexity="1" crap="2.00" count="0"/>
        <line num="507" type="stmt" count="0"/>
        <line num="508" type="stmt" count="0"/>
        <line num="515" type="method" name="addDocumentation" visibility="public" complexity="1" crap="2.00" count="0"/>
        <line num="517" type="stmt" count="0"/>
        <line num="518" type="stmt" count="0"/>
        <metrics loc="520" ncloc="294" classes="1" methods="38" coveredmethods="1" conditionals="0" coveredconditionals="0" statements="81" coveredstatements="5" elements="119" coveredelements="6"/>
      </file>
      <file name="D:\Repositories\GitHub\WterBerg\php-dcatapdonl\src/DCATEntity.php">
        <class name="DCAT_AP_DONL\DCATEntity" namespace="DCAT_AP_DONL" fullPackage="DCAT_AP_DONL" package="DCAT_AP_DONL">
          <metrics complexity="5" methods="3" coveredmethods="3" conditionals="0" coveredconditionals="0" statements="5" coveredstatements="5" elements="8" coveredelements="8"/>
        </class>
        <line num="23" type="method" name="__construct" visibility="protected" complexity="1" crap="1" count="72"/>
        <line num="25" type="stmt" count="72"/>
        <line num="26" type="stmt" count="72"/>
        <line num="33" type="method" name="getName" visibility="public" complexity="1" crap="1" count="38"/>
        <line num="35" type="stmt" count="38"/>
        <line num="43" type="method" name="setName" visibility="public" complexity="1" crap="1" count="17"/>
        <line num="45" type="stmt" count="17"/>
        <line num="46" type="stmt" count="17"/>
        <metrics loc="62" ncloc="29" classes="1" methods="3" coveredmethods="3" conditionals="0" coveredconditionals="0" statements="5" coveredstatements="5" elements="8" coveredelements="8"/>
      </file>
      <file name="D:\Repositories\GitHub\WterBerg\php-dcatapdonl\src/DCATException.php">
        <class name="DCAT_AP_DONL\DCATException" namespace="DCAT_AP_DONL" fullPackage="DCAT_AP_DONL" package="DCAT_AP_DONL">
          <metrics complexity="0" methods="0" coveredmethods="0" conditionals="0" coveredconditionals="0" statements="0" coveredstatements="0" elements="0" coveredelements="0"/>
        </class>
        <metrics loc="13" ncloc="8" classes="0" methods="0" coveredmethods="0" conditionals="0" coveredconditionals="0" statements="0" coveredstatements="0" elements="0" coveredelements="0"/>
      </file>
      <file name="D:\Repositories\GitHub\WterBerg\php-dcatapdonl\src/DCATLegalFoundation.php">
        <class name="DCAT_AP_DONL\DCATLegalFoundation" namespace="DCAT_AP_DONL" fullPackage="DCAT_AP_DONL" package="DCAT_AP_DONL">
          <metrics complexity="10" methods="7" coveredmethods="7" conditionals="0" coveredconditionals="0" statements="11" coveredstatements="11" elements="18" coveredelements="18"/>
        </class>
        <line num="38" type="method" name="__construct" visibility="public" complexity="1" crap="1" count="5"/>
        <line num="40" type="stmt" count="5"/>
        <line num="41" type="stmt" count="5"/>
        <line num="48" type="method" name="getReference" visibility="public" complexity="2" crap="2" count="1"/>
        <line num="50" type="stmt" count="1"/>
        <line num="58" type="method" name="getUri" visibility="public" complexity="2" crap="2" count="1"/>
        <line num="60" type="stmt" count="1"/>
        <line num="68" type="method" name="getLabel" visibility="public" complexity="2" crap="2" count="1"/>
        <line num="70" type="stmt" count="1"/>
        <line num="78" type="method" name="setReference" visibility="public" complexity="1" crap="1" count="4"/>
        <line num="80" type="stmt" count="4"/>
        <line num="81" type="stmt" count="4"/>
        <line num="88" type="method" name="setUri" visibility="public" complexity="1" crap="1" count="5"/>
        <line num="90" type="stmt" count="5"/>
        <line num="91" type="stmt" count="5"/>
        <line num="98" type="method" name="setLabel" visibility="public" complexity="1" crap="1" count="5"/>
        <line num="100" type="stmt" count="5"/>
        <line num="101" type="stmt" count="5"/>
        <metrics loc="103" ncloc="57" classes="1" methods="7" coveredmethods="7" conditionals="0" coveredconditionals="0" statements="11" coveredstatements="11" elements="18" coveredelements="18"/>
      </file>
      <file name="D:\Repositories\GitHub\WterBerg\php-dcatapdonl\src/DCATNumber.php">
        <class name="DCAT_AP_DONL\DCATNumber" namespace="DCAT_AP_DONL" fullPackage="DCAT_AP_DONL" package="DCAT_AP_DONL">
          <metrics complexity="2" methods="1" coveredmethods="1" conditionals="0" coveredconditionals="0" statements="5" coveredstatements="5" elements="6" coveredelements="6"/>
        </class>
        <line num="25" type="method" name="validate" visibility="public" complexity="2" crap="2" count="4"/>
        <line num="27" type="stmt" count="4"/>
        <line num="29" type="stmt" count="4"/>
        <line num="30" type="stmt" count="3"/>
        <line num="31" type="stmt" count="3"/>
        <line num="35" type="stmt" count="4"/>
        <metrics loc="38" ncloc="21" classes="1" methods="1" coveredmethods="1" conditionals="0" coveredconditionals="0" statements="5" coveredstatements="5" elements="6" coveredelements="6"/>
      </file>
      <file name="D:\Repositories\GitHub\WterBerg\php-dcatapdonl\src/DCATProperty.php">
        <class name="DCAT_AP_DONL\DCATProperty" namespace="DCAT_AP_DONL" fullPackage="DCAT_AP_DONL" package="DCAT_AP_DONL">
          <metrics complexity="7" methods="3" coveredmethods="3" conditionals="0" coveredconditionals="0" statements="12" coveredstatements="12" elements="15" coveredelements="15"/>
        </class>
        <line num="24" type="method" name="__construct" visibility="public" complexity="2" crap="2" count="62"/>
        <line num="26" type="stmt" count="62"/>
        <line num="28" type="stmt" count="62"/>
        <line num="29" type="stmt" count="61"/>
        <line num="31" type="stmt" count="62"/>
        <line num="38" type="method" name="getData" visibility="public" complexity="2" crap="2" count="30"/>
        <line num="40" type="stmt" count="30"/>
        <line num="51" type="method" name="validate" visibility="public" complexity="3" crap="3" count="43"/>
        <line num="53" type="stmt" count="43"/>
        <line num="55" type="stmt" count="43"/>
        <line num="56" type="stmt" count="1"/>
        <line num="58" type="stmt" count="1"/>
        <line num="61" type="stmt" count="42"/>
        <line num="62" type="stmt" count="9"/>
        <line num="65" type="stmt" count="42"/>
        <metrics loc="68" ncloc="41" classes="1" methods="3" coveredmethods="3" conditionals="0" coveredconditionals="0" statements="12" coveredstatements="12" elements="15" coveredelements="15"/>
      </file>
      <file name="D:\Repositories\GitHub\WterBerg\php-dcatapdonl\src/DCATSpatial.php">
        <class name="DCAT_AP_DONL\DCATSpatial" namespace="DCAT_AP_DONL" fullPackage="DCAT_AP_DONL" package="DCAT_AP_DONL">
          <metrics complexity="17" methods="9" coveredmethods="9" conditionals="0" coveredconditionals="0" statements="35" coveredstatements="35" elements="44" coveredelements="44"/>
        </class>
        <line num="36" type="method" name="__construct" visibility="public" complexity="1" crap="1" count="15"/>
        <line num="38" type="stmt" count="15"/>
        <line num="39" type="stmt" count="15"/>
        <line num="54" type="method" name="validate" visibility="public" complexity="4" crap="4" count="14"/>
        <line num="56" type="stmt" count="14"/>
        <line num="58" type="stmt" count="14"/>
        <line num="59" type="stmt" count="1"/>
        <line num="62" type="stmt" count="13"/>
        <line num="63" type="stmt" count="6"/>
        <line num="64" type="stmt" count="6"/>
        <line num="65" type="stmt" count="6"/>
        <line num="66" type="stmt" count="6"/>
        <line num="71" type="stmt" count="12"/>
        <line num="79" type="method" name="getScheme" visibility="public" complexity="2" crap="2" count="1"/>
        <line num="81" type="stmt" count="1"/>
        <line num="89" type="method" name="getValue" visibility="public" complexity="2" crap="2" count="1"/>
        <line num="91" type="stmt" count="1"/>
        <line num="99" type="method" name="setScheme" visibility="public" complexity="1" crap="1" count="14"/>
        <line num="101" type="stmt" count="14"/>
        <line num="102" type="stmt" count="14"/>
        <line num="103" type="stmt" count="14"/>
        <line num="110" type="method" name="setValue" visibility="public" complexity="1" crap="1" count="14"/>
        <line num="112" type="stmt" count="14"/>
        <line num="113" type="stmt" count="14"/>
        <line num="114" type="stmt" count="14"/>
        <line num="125" type="method" name="valueMatchesScheme" visibility="protected" complexity="4" crap="4" count="13"/>
        <line num="128" type="stmt" count="13"/>
        <line num="134" type="stmt" count="13"/>
        <line num="135" type="stmt" count="8"/>
        <line num="136" type="stmt" count="8"/>
        <line num="138" type="stmt" count="8"/>
        <line num="141" type="stmt" count="5"/>
        <line num="142" type="stmt" count="5"/>
        <line num="143" type="stmt" count="2"/>
        <line num="146" type="stmt" count="3"/>
        <line num="147" type="stmt" count="3"/>
        <line num="148" type="stmt" count="2"/>
        <line num="151" type="stmt" count="1"/>
        <line num="159" type="method" name="validEPSG28992" visibility="protected" complexity="1" crap="1" count="2"/>
        <line num="161" type="stmt" count="2"/>
        <line num="163" type="stmt" count="2"/>
        <line num="171" type="method" name="validPostcodeHuisnummer" visibility="protected" complexity="1" crap="1" count="2"/>
        <line num="173" type="stmt" count="2"/>
        <line num="175" type="stmt" count="2"/>
        <metrics loc="178" ncloc="110" classes="1" methods="9" coveredmethods="9" conditionals="0" coveredconditionals="0" statements="35" coveredstatements="35" elements="44" coveredelements="44"/>
      </file>
      <file name="D:\Repositories\GitHub\WterBerg\php-dcatapdonl\src/DCATTemporal.php">
        <class name="DCAT_AP_DONL\DCATTemporal" namespace="DCAT_AP_DONL" fullPackage="DCAT_AP_DONL" package="DCAT_AP_DONL">
          <metrics complexity="14" methods="8" coveredmethods="8" conditionals="0" coveredconditionals="0" statements="25" coveredstatements="25" elements="33" coveredelements="33"/>
        </class>
        <line num="44" type="method" name="__construct" visibility="public" complexity="1" crap="1" count="4"/>
        <line num="46" type="stmt" count="4"/>
        <line num="47" type="stmt" count="4"/>
        <line num="59" type="method" name="validate" visibility="public" complexity="4" crap="4" count="3"/>
        <line num="61" type="stmt" count="3"/>
        <line num="63" type="stmt" count="3"/>
        <line num="64" type="stmt" count="2"/>
        <line num="67" type="stmt" count="1"/>
        <line num="68" type="stmt" count="1"/>
        <line num="70" type="stmt" count="1"/>
        <line num="71" type="stmt" count="1"/>
        <line num="72" type="stmt" count="1"/>
        <line num="73" type="stmt" count="1"/>
        <line num="74" type="stmt" count="1"/>
        <line num="78" type="stmt" count="1"/>
        <line num="86" type="method" name="getStart" visibility="public" complexity="2" crap="2" count="1"/>
        <line num="88" type="stmt" count="1"/>
        <line num="96" type="method" name="getEnd" visibility="public" complexity="2" crap="2" count="1"/>
        <line num="98" type="stmt" count="1"/>
        <line num="106" type="method" name="getLabel" visibility="public" complexity="2" crap="2" count="1"/>
        <line num="108" type="stmt" count="1"/>
        <line num="116" type="method" name="setStart" visibility="public" complexity="1" crap="1" count="2"/>
        <line num="118" type="stmt" count="2"/>
        <line num="119" type="stmt" count="2"/>
        <line num="120" type="stmt" count="2"/>
        <line num="127" type="method" name="setEnd" visibility="public" complexity="1" crap="1" count="2"/>
        <line num="129" type="stmt" count="2"/>
        <line num="130" type="stmt" count="2"/>
        <line num="131" type="stmt" count="2"/>
        <line num="138" type="method" name="setLabel" visibility="public" complexity="1" crap="1" count="2"/>
        <line num="140" type="stmt" count="2"/>
        <line num="141" type="stmt" count="2"/>
        <line num="142" type="stmt" count="2"/>
        <metrics loc="144" ncloc="83" classes="1" methods="8" coveredmethods="8" conditionals="0" coveredconditionals="0" statements="25" coveredstatements="25" elements="33" coveredelements="33"/>
      </file>
      <file name="D:\Repositories\GitHub\WterBerg\php-dcatapdonl\src/DCATURI.php">
        <class name="DCAT_AP_DONL\DCATURI" namespace="DCAT_AP_DONL" fullPackage="DCAT_AP_DONL" package="DCAT_AP_DONL">
          <metrics complexity="3" methods="2" coveredmethods="2" conditionals="0" coveredconditionals="0" statements="6" coveredstatements="6" elements="8" coveredelements="8"/>
        </class>
        <line num="25" type="method" name="validate" visibility="public" complexity="2" crap="2" count="6"/>
        <line num="27" type="stmt" count="6"/>
        <line num="29" type="stmt" count="6"/>
        <line num="30" type="stmt" count="1"/>
        <line num="31" type="stmt" count="1"/>
        <line num="35" type="stmt" count="6"/>
        <line num="44" type="method" name="isURI" visibility="protected" complexity="1" crap="1" count="6"/>
        <line num="46" type="stmt" count="6"/>
        <metrics loc="49" ncloc="26" classes="1" methods="2" coveredmethods="2" conditionals="0" coveredconditionals="0" statements="6" coveredstatements="6" elements="8" coveredelements="8"/>
      </file>
      <file name="D:\Repositories\GitHub\WterBerg\php-dcatapdonl\src/DCATValidationResult.php">
        <class name="DCAT_AP_DONL\DCATValidationResult" namespace="DCAT_AP_DONL" fullPackage="DCAT_AP_DONL" package="DCAT_AP_DONL">
          <metrics complexity="8" methods="8" coveredmethods="8" conditionals="0" coveredconditionals="0" statements="14" coveredstatements="14" elements="22" coveredelements="22"/>
        </class>
        <line num="24" type="method" name="__construct" visibility="public" complexity="1" crap="1" count="56"/>
        <line num="26" type="stmt" count="56"/>
        <line num="27" type="stmt" count="56"/>
        <line num="28" type="stmt" count="56"/>
        <line num="35" type="method" name="validated" visibility="public" complexity="1" crap="1" count="34"/>
        <line num="37" type="stmt" count="34"/>
        <line num="45" type="method" name="getMessages" visibility="public" complexity="1" crap="1" count="54"/>
        <line num="47" type="stmt" count="54"/>
        <line num="55" type="method" name="addMessage" visibility="public" complexity="1" crap="1" count="33"/>
        <line num="57" type="stmt" count="33"/>
        <line num="58" type="stmt" count="33"/>
        <line num="65" type="method" name="addMessages" visibility="public" complexity="1" crap="1" count="1"/>
        <line num="67" type="stmt" count="1"/>
        <line num="68" type="stmt" count="1"/>
        <line num="75" type="method" name="getNotices" visibility="public" complexity="1" crap="1" count="2"/>
        <line num="77" type="stmt" count="2"/>
        <line num="85" type="method" name="addNotice" visibility="public" complexity="1" crap="1" count="2"/>
        <line num="87" type="stmt" count="2"/>
        <line num="88" type="stmt" count="2"/>
        <line num="95" type="method" name="addNotices" visibility="public" complexity="1" crap="1" count="1"/>
        <line num="97" type="stmt" count="1"/>
        <line num="98" type="stmt" count="1"/>
        <metrics loc="100" ncloc="53" classes="1" methods="8" coveredmethods="8" conditionals="0" coveredconditionals="0" statements="14" coveredstatements="14" elements="22" coveredelements="22"/>
      </file>
    </package>
    <metrics files="18" loc="3107" ncloc="1798" classes="17" methods="192" coveredmethods="98" conditionals="0" coveredconditionals="0" statements="512" coveredstatements="334" elements="704" coveredelements="432"/>
  </project>
</coverage>
